<?xml version="1.0" encoding="UTF-8"?>
<testng-results ignored="0" total="1" passed="1" failed="0" skipped="0">
  <reporter-output>
  </reporter-output>
  <suite started-at="2022-04-29T10:24:13 IST" name="Default suite" finished-at="2022-04-29T10:27:57 IST" duration-ms="223856">
    <groups>
    </groups>
    <test started-at="2022-04-29T10:24:13 IST" name="Default test" finished-at="2022-04-29T10:27:57 IST" duration-ms="223856">
      <class name="com.sikuli.AutomationProject">
        <test-method signature="show()[pri:0, instance:com.sikuli.AutomationProject@7c24b813]" started-at="2022-04-29T10:24:13 IST" name="show" finished-at="2022-04-29T10:27:57 IST" duration-ms="223751" status="PASS">
          <reporter-output>
          </reporter-output>
        </test-method> <!-- show -->
      </class> <!-- com.sikuli.AutomationProject -->
    </test> <!-- Default test -->
  </suite> <!-- Default suite -->
</testng-results>
